<?xml version="1.0" encoding="UTF-8"?>
<!-- Generated by org.testng.reporters.JUnitXMLReporter -->
<testsuite ignored="0" hostname="DESKTOP-40DQDTS" failures="0" tests="4" name="Default test" time="40.145" errors="0" timestamp="2024-03-01T08:51:01 IST">
  <testcase classname="api.testcases.UserTest" name="testCreateUser" time="23.675"/>
  <testcase classname="api.testcases.UserTest" name="testGetUserData" time="1.257"/>
  <testcase classname="api.testcases.UserTest" name="testUpdateUser" time="2.331"/>
  <testcase classname="api.testcases.UserTest" name="testDeleteUser" time="1.153"/>
</testsuite> <!-- Default test -->
