<?xml version="1.0" encoding="UTF-8"?>
<testng-results ignored="0" total="4" passed="4" failed="0" skipped="0">
  <reporter-output>
  </reporter-output>
  <suite started-at="2024-03-01T08:50:21 IST" name="Default suite" finished-at="2024-03-01T08:51:01 IST" duration-ms="40145">
    <groups>
    </groups>
    <test started-at="2024-03-01T08:50:21 IST" name="Default test" finished-at="2024-03-01T08:51:01 IST" duration-ms="40145">
      <class name="api.testcases.UserTest">
        <test-method is-config="true" signature="generateTestData()[pri:0, instance:api.testcases.UserTest@35d019a3]" started-at="2024-03-01T08:50:21 IST" name="generateTestData" finished-at="2024-03-01T08:50:33 IST" duration-ms="11399" status="PASS">
          <reporter-output>
          </reporter-output>
        </test-method> <!-- generateTestData -->
        <test-method signature="testCreateUser()[pri:1, instance:api.testcases.UserTest@35d019a3]" started-at="2024-03-01T08:50:33 IST" name="testCreateUser" finished-at="2024-03-01T08:50:56 IST" duration-ms="23675" status="PASS">
          <reporter-output>
          </reporter-output>
        </test-method> <!-- testCreateUser -->
        <test-method signature="testGetUserData()[pri:2, instance:api.testcases.UserTest@35d019a3]" started-at="2024-03-01T08:50:56 IST" name="testGetUserData" finished-at="2024-03-01T08:50:58 IST" duration-ms="1257" status="PASS">
          <reporter-output>
          </reporter-output>
        </test-method> <!-- testGetUserData -->
        <test-method signature="testUpdateUser()[pri:3, instance:api.testcases.UserTest@35d019a3]" started-at="2024-03-01T08:50:58 IST" name="testUpdateUser" finished-at="2024-03-01T08:51:00 IST" duration-ms="2331" status="PASS">
          <reporter-output>
          </reporter-output>
        </test-method> <!-- testUpdateUser -->
        <test-method signature="testDeleteUser()[pri:4, instance:api.testcases.UserTest@35d019a3]" started-at="2024-03-01T08:51:00 IST" name="testDeleteUser" finished-at="2024-03-01T08:51:01 IST" duration-ms="1153" status="PASS">
          <reporter-output>
          </reporter-output>
        </test-method> <!-- testDeleteUser -->
      </class> <!-- api.testcases.UserTest -->
    </test> <!-- Default test -->
  </suite> <!-- Default suite -->
</testng-results>
